[0.009s] Invoking command in '/home/wynz/sensor_ws/src/Sensor_drivers/ws_livox/build/livox_ros_driver2': CMAKE_PREFIX_PATH=${CMAKE_PREFIX_PATH}:/home/wynz/sensor_ws/install/nmea_navsat_driver:/opt/ros/humble /usr/bin/cmake /home/wynz/sensor_ws/src/Sensor_drivers/ws_livox/src/livox_ros_driver2 -DAMENT_CMAKE_SYMLINK_INSTALL=1 -DCMAKE_INSTALL_PREFIX=/home/wynz/sensor_ws/src/Sensor_drivers/ws_livox/install/livox_ros_driver2
[0.017s] -- livox_ros_driver2 version: 1.2.4
[0.017s] -- Found ament_cmake_auto: 1.3.11 (/opt/ros/humble/share/ament_cmake_auto/cmake)
[0.094s] -- Override CMake install command with custom implementation using symlinks instead of copying resources
[0.152s] -- Using all available rosidl_typesupport_c: rosidl_typesupport_fastrtps_c;rosidl_typesupport_introspection_c
[0.153s] -- Found rosidl_adapter: 3.1.6 (/opt/ros/humble/share/rosidl_adapter/cmake)
[0.172s] -- Using all available rosidl_typesupport_cpp: rosidl_typesupport_fastrtps_cpp;rosidl_typesupport_introspection_cpp
[0.207s] -- Found rmw_implementation_cmake: 6.1.2 (/opt/ros/humble/share/rmw_implementation_cmake/cmake)
[0.208s] -- Found rmw_fastrtps_cpp: 6.2.7 (/opt/ros/humble/share/rmw_fastrtps_cpp/cmake)
[0.273s] -- Using RMW implementation 'rmw_fastrtps_cpp' as default
[0.351s] -- Eigen found (include: /usr/include/eigen3, version: 3.4.0)
[0.371s] -- FLANN found (include: /usr/include, lib: /usr/lib/x86_64-linux-gnu/libflann_cpp.so)
[0.566s] -- OpenNI found (version: 1.5.4.0, include: /usr/include/ni, lib: /usr/lib/libOpenNI.so;libusb::libusb)
[0.570s] -- OpenNI2 found (version: 2.2.0.33, include: /usr/include/openni2, lib: /usr/lib/x86_64-linux-gnu/libOpenNI2.so;libusb::libusb)
[0.673s] -- Eigen found (include: /usr/include/eigen3, version: 3.4.0)
[0.677s] -- OpenNI found (version: 1.5.4.0, include: /usr/include/ni, lib: /usr/lib/libOpenNI.so;libusb::libusb)
[0.681s] -- OpenNI2 found (version: 2.2.0.33, include: /usr/include/openni2, lib: /usr/lib/x86_64-linux-gnu/libOpenNI2.so;libusb::libusb)
[0.776s] -- Found Qhull version 8.0.2
[0.874s] -- OpenNI found (version: 1.5.4.0, include: /usr/include/ni, lib: /usr/lib/libOpenNI.so;libusb::libusb)
[1.005s] -- Checking for module 'apr-1'
[1.007s] --   No package 'apr-1' found
[1.132s] -- Found ament_cmake_ros: 0.10.0 (/opt/ros/humble/share/ament_cmake_ros/cmake)
[1.260s] -- Using all available rosidl_typesupport_c: rosidl_typesupport_fastrtps_c;rosidl_typesupport_introspection_c
[1.428s] -- Using all available rosidl_typesupport_cpp: rosidl_typesupport_fastrtps_cpp;rosidl_typesupport_introspection_cpp
[1.442s] -- Found python_cmake_module: 0.10.0 (/opt/ros/humble/share/python_cmake_module/cmake)
[1.456s] -- Using PYTHON_EXECUTABLE: /usr/bin/python3
[1.456s] -- Using PYTHON_INCLUDE_DIRS: /usr/include/python3.10
[1.456s] -- Using PYTHON_LIBRARIES: /usr/lib/x86_64-linux-gnu/libpython3.10.so
[1.483s] -- Found ament_lint_auto: 0.12.11 (/opt/ros/humble/share/ament_lint_auto/cmake)
[1.489s] -- Added test 'copyright' to check source files copyright and LICENSE
[1.492s] -- Added test 'cppcheck' to perform static code analysis on C / C++ code
[1.493s] -- Configured cppcheck include dirs: /home/wynz/sensor_ws/src/Sensor_drivers/ws_livox/src/livox_ros_driver2/3rdparty;/home/wynz/sensor_ws/src/Sensor_drivers/ws_livox/src/livox_ros_driver2/src
[1.493s] -- Configured cppcheck exclude dirs and/or files: 
[1.496s] -- Added test 'cpplint' to check C / C++ code against the Google style
[1.496s] -- Configured cpplint exclude dirs and/or files: 
[1.496s] -- Added test 'flake8' to check Python code syntax and style conventions
[1.497s] -- Added test 'lint_cmake' to check CMake code style
[1.498s] -- Added test 'pep257' to check Python code against some of the docstring style conventions in PEP 257
[1.500s] -- Added test 'uncrustify' to check C / C++ code style
[1.501s] -- Configured uncrustify additional arguments: 
[1.501s] -- Added test 'xmllint' to check XML markup files
[1.502s] -- Configuring done
[1.541s] -- Generating done
[1.554s] -- Build files have been written to: /home/wynz/sensor_ws/src/Sensor_drivers/ws_livox/build/livox_ros_driver2
[1.568s] Invoked command in '/home/wynz/sensor_ws/src/Sensor_drivers/ws_livox/build/livox_ros_driver2' returned '0': CMAKE_PREFIX_PATH=${CMAKE_PREFIX_PATH}:/home/wynz/sensor_ws/install/nmea_navsat_driver:/opt/ros/humble /usr/bin/cmake /home/wynz/sensor_ws/src/Sensor_drivers/ws_livox/src/livox_ros_driver2 -DAMENT_CMAKE_SYMLINK_INSTALL=1 -DCMAKE_INSTALL_PREFIX=/home/wynz/sensor_ws/src/Sensor_drivers/ws_livox/install/livox_ros_driver2
[1.569s] Invoking command in '/home/wynz/sensor_ws/src/Sensor_drivers/ws_livox/build/livox_ros_driver2': CMAKE_PREFIX_PATH=${CMAKE_PREFIX_PATH}:/home/wynz/sensor_ws/install/nmea_navsat_driver:/opt/ros/humble /usr/bin/cmake --build /home/wynz/sensor_ws/src/Sensor_drivers/ws_livox/build/livox_ros_driver2 -- -j8 -l8
[1.599s] [35m[1mConsolidate compiler generated dependencies of target livox_interfaces2__rosidl_generator_c[0m
[1.600s] [35m[1mConsolidate compiler generated dependencies of target livox_ros_driver2_node[0m
[1.606s] failed to create symbolic link '/home/wynz/sensor_ws/src/Sensor_drivers/ws_livox/build/livox_ros_driver2/ament_cmake_python/livox_ros_driver2/livox_ros_driver2' because existing path cannot be removed: Is a directory
[1.606s] [  1%] Built target livox_interfaces2__cpp
[1.606s] gmake[2]: *** [CMakeFiles/ament_cmake_python_symlink_livox_ros_driver2.dir/build.make:70: CMakeFiles/ament_cmake_python_symlink_livox_ros_driver2] Error 1
[1.606s] gmake[1]: *** [CMakeFiles/Makefile2:425: CMakeFiles/ament_cmake_python_symlink_livox_ros_driver2.dir/all] Error 2
[1.606s] gmake[1]: *** Waiting for unfinished jobs....
[1.606s] [  8%] Built target livox_interfaces2__rosidl_generator_c
[1.610s] [ 10%] [32m[1mLinking CXX executable livox_ros_driver2_node[0m
[1.687s] [ 12%] Built target livox_ros_driver2_node
[1.687s] gmake: *** [Makefile:146: all] Error 2
[1.689s] Invoked command in '/home/wynz/sensor_ws/src/Sensor_drivers/ws_livox/build/livox_ros_driver2' returned '2': CMAKE_PREFIX_PATH=${CMAKE_PREFIX_PATH}:/home/wynz/sensor_ws/install/nmea_navsat_driver:/opt/ros/humble /usr/bin/cmake --build /home/wynz/sensor_ws/src/Sensor_drivers/ws_livox/build/livox_ros_driver2 -- -j8 -l8
