[0.064s] DEBUG:colcon:Command line arguments: ['/usr/bin/colcon', 'build', '--symlink-install']
[0.064s] DEBUG:colcon:Parsed command line arguments: Namespace(log_base=None, log_level=None, verb_name='build', build_base='build', install_base='install', merge_install=False, symlink_install=True, test_result_base=None, continue_on_error=False, executor='parallel', parallel_workers=8, event_handlers=None, ignore_user_meta=False, metas=['./colcon.meta'], base_paths=['.'], packages_ignore=None, packages_ignore_regex=None, paths=None, packages_up_to=None, packages_up_to_regex=None, packages_above=None, packages_above_and_dependencies=None, packages_above_depth=None, packages_select_by_dep=None, packages_skip_by_dep=None, packages_skip_up_to=None, packages_select_build_failed=False, packages_skip_build_finished=False, packages_select_test_failures=False, packages_skip_test_passed=False, packages_select=None, packages_skip=None, packages_select_regex=None, packages_skip_regex=None, packages_start=None, packages_end=None, allow_overriding=[], cmake_args=None, cmake_target=None, cmake_target_skip_unavailable=False, cmake_clean_cache=False, cmake_clean_first=False, cmake_force_configure=False, ament_cmake_args=None, catkin_cmake_args=None, catkin_skip_building_tests=False, mixin_files=None, mixin=None, verb_parser=<colcon_mixin.mixin.mixin_argument.MixinArgumentDecorator object at 0x731786f30c10>, verb_extension=<colcon_core.verb.build.BuildVerb object at 0x731787031ae0>, main=<bound method BuildVerb.main of <colcon_core.verb.build.BuildVerb object at 0x731787031ae0>>, mixin_verb=('build',))
[0.152s] Level 1:colcon.colcon_core.package_discovery:discover_packages(colcon_meta) check parameters
[0.152s] Level 1:colcon.colcon_core.package_discovery:discover_packages(recursive) check parameters
[0.152s] Level 1:colcon.colcon_core.package_discovery:discover_packages(ignore) check parameters
[0.152s] Level 1:colcon.colcon_core.package_discovery:discover_packages(path) check parameters
[0.152s] Level 1:colcon.colcon_core.package_discovery:discover_packages(colcon_meta) discover
[0.152s] Level 1:colcon.colcon_core.package_discovery:discover_packages(recursive) discover
[0.152s] INFO:colcon.colcon_core.package_discovery:Crawling recursively for packages in '/home/wynz/sensor_ws/src/Sensor_drivers/ws_livox'
[0.152s] Level 1:colcon.colcon_core.package_identification:_identify(.) by extensions ['ignore', 'ignore_ament_install']
[0.152s] Level 1:colcon.colcon_core.package_identification:_identify(.) by extension 'ignore'
[0.152s] Level 1:colcon.colcon_core.package_identification:_identify(.) by extension 'ignore_ament_install'
[0.152s] Level 1:colcon.colcon_core.package_identification:_identify(.) by extensions ['colcon_pkg']
[0.152s] Level 1:colcon.colcon_core.package_identification:_identify(.) by extension 'colcon_pkg'
[0.152s] Level 1:colcon.colcon_core.package_identification:_identify(.) by extensions ['colcon_meta']
[0.152s] Level 1:colcon.colcon_core.package_identification:_identify(.) by extension 'colcon_meta'
[0.152s] Level 1:colcon.colcon_core.package_identification:_identify(.) by extensions ['ros']
[0.152s] Level 1:colcon.colcon_core.package_identification:_identify(.) by extension 'ros'
[0.159s] Level 1:colcon.colcon_core.package_identification:_identify(.) by extensions ['cmake', 'python']
[0.159s] Level 1:colcon.colcon_core.package_identification:_identify(.) by extension 'cmake'
[0.159s] Level 1:colcon.colcon_core.package_identification:_identify(.) by extension 'python'
[0.159s] Level 1:colcon.colcon_core.package_identification:_identify(.) by extensions ['python_setup_py']
[0.159s] Level 1:colcon.colcon_core.package_identification:_identify(.) by extension 'python_setup_py'
[0.159s] Level 1:colcon.colcon_core.package_identification:_identify(build) by extensions ['ignore', 'ignore_ament_install']
[0.159s] Level 1:colcon.colcon_core.package_identification:_identify(build) by extension 'ignore'
[0.159s] Level 1:colcon.colcon_core.package_identification:_identify(build) ignored
[0.159s] Level 1:colcon.colcon_core.package_identification:_identify(install) by extensions ['ignore', 'ignore_ament_install']
[0.160s] Level 1:colcon.colcon_core.package_identification:_identify(install) by extension 'ignore'
[0.160s] Level 1:colcon.colcon_core.package_identification:_identify(install) ignored
[0.160s] Level 1:colcon.colcon_core.package_identification:_identify(log) by extensions ['ignore', 'ignore_ament_install']
[0.160s] Level 1:colcon.colcon_core.package_identification:_identify(log) by extension 'ignore'
[0.160s] Level 1:colcon.colcon_core.package_identification:_identify(log) ignored
[0.160s] Level 1:colcon.colcon_core.package_identification:_identify(src) by extensions ['ignore', 'ignore_ament_install']
[0.160s] Level 1:colcon.colcon_core.package_identification:_identify(src) by extension 'ignore'
[0.160s] Level 1:colcon.colcon_core.package_identification:_identify(src) by extension 'ignore_ament_install'
[0.160s] Level 1:colcon.colcon_core.package_identification:_identify(src) by extensions ['colcon_pkg']
[0.160s] Level 1:colcon.colcon_core.package_identification:_identify(src) by extension 'colcon_pkg'
[0.160s] Level 1:colcon.colcon_core.package_identification:_identify(src) by extensions ['colcon_meta']
[0.160s] Level 1:colcon.colcon_core.package_identification:_identify(src) by extension 'colcon_meta'
[0.160s] Level 1:colcon.colcon_core.package_identification:_identify(src) by extensions ['ros']
[0.160s] Level 1:colcon.colcon_core.package_identification:_identify(src) by extension 'ros'
[0.160s] Level 1:colcon.colcon_core.package_identification:_identify(src) by extensions ['cmake', 'python']
[0.160s] Level 1:colcon.colcon_core.package_identification:_identify(src) by extension 'cmake'
[0.160s] Level 1:colcon.colcon_core.package_identification:_identify(src) by extension 'python'
[0.160s] Level 1:colcon.colcon_core.package_identification:_identify(src) by extensions ['python_setup_py']
[0.160s] Level 1:colcon.colcon_core.package_identification:_identify(src) by extension 'python_setup_py'
[0.160s] Level 1:colcon.colcon_core.package_identification:_identify(src/Livox-SDK2) by extensions ['ignore', 'ignore_ament_install']
[0.160s] Level 1:colcon.colcon_core.package_identification:_identify(src/Livox-SDK2) by extension 'ignore'
[0.160s] Level 1:colcon.colcon_core.package_identification:_identify(src/Livox-SDK2) by extension 'ignore_ament_install'
[0.160s] Level 1:colcon.colcon_core.package_identification:_identify(src/Livox-SDK2) by extensions ['colcon_pkg']
[0.160s] Level 1:colcon.colcon_core.package_identification:_identify(src/Livox-SDK2) by extension 'colcon_pkg'
[0.160s] Level 1:colcon.colcon_core.package_identification:_identify(src/Livox-SDK2) by extensions ['colcon_meta']
[0.160s] Level 1:colcon.colcon_core.package_identification:_identify(src/Livox-SDK2) by extension 'colcon_meta'
[0.160s] Level 1:colcon.colcon_core.package_identification:_identify(src/Livox-SDK2) by extensions ['ros']
[0.160s] Level 1:colcon.colcon_core.package_identification:_identify(src/Livox-SDK2) by extension 'ros'
[0.160s] Level 1:colcon.colcon_core.package_identification:_identify(src/Livox-SDK2) by extensions ['cmake', 'python']
[0.160s] Level 1:colcon.colcon_core.package_identification:_identify(src/Livox-SDK2) by extension 'cmake'
[0.166s] Level 1:colcon.colcon_core.package_identification:_identify(src/Livox-SDK2) by extension 'python'
[0.167s] DEBUG:colcon.colcon_core.package_identification:Package 'src/Livox-SDK2' with type 'cmake' and name 'livox_sdk2'
[0.167s] Level 1:colcon.colcon_core.package_identification:_identify(src/livox_ros_driver2) by extensions ['ignore', 'ignore_ament_install']
[0.167s] Level 1:colcon.colcon_core.package_identification:_identify(src/livox_ros_driver2) by extension 'ignore'
[0.167s] Level 1:colcon.colcon_core.package_identification:_identify(src/livox_ros_driver2) by extension 'ignore_ament_install'
[0.167s] Level 1:colcon.colcon_core.package_identification:_identify(src/livox_ros_driver2) by extensions ['colcon_pkg']
[0.167s] Level 1:colcon.colcon_core.package_identification:_identify(src/livox_ros_driver2) by extension 'colcon_pkg'
[0.167s] Level 1:colcon.colcon_core.package_identification:_identify(src/livox_ros_driver2) by extensions ['colcon_meta']
[0.167s] Level 1:colcon.colcon_core.package_identification:_identify(src/livox_ros_driver2) by extension 'colcon_meta'
[0.167s] Level 1:colcon.colcon_core.package_identification:_identify(src/livox_ros_driver2) by extensions ['ros']
[0.167s] Level 1:colcon.colcon_core.package_identification:_identify(src/livox_ros_driver2) by extension 'ros'
[0.169s] DEBUG:colcon.colcon_core.package_identification:Package 'src/livox_ros_driver2' with type 'ros.ament_cmake' and name 'livox_ros_driver2'
[0.169s] Level 1:colcon.colcon_core.package_discovery:discover_packages(recursive) using defaults
[0.169s] Level 1:colcon.colcon_core.package_discovery:discover_packages(ignore) discover
[0.169s] Level 1:colcon.colcon_core.package_discovery:discover_packages(ignore) using defaults
[0.169s] Level 1:colcon.colcon_core.package_discovery:discover_packages(path) discover
[0.169s] Level 1:colcon.colcon_core.package_discovery:discover_packages(path) using defaults
[0.188s] Level 1:colcon.colcon_core.package_discovery:discover_packages(prefix_path) check parameters
[0.188s] Level 1:colcon.colcon_core.package_discovery:discover_packages(prefix_path) discover
[0.188s] WARNING:colcon.colcon_core.prefix_path.colcon:The path '/home/wynz/sensor_ws/install' in the environment variable COLCON_PREFIX_PATH doesn't exist
[0.188s] WARNING:colcon.colcon_ros.prefix_path.ament:The path '/home/wynz/sensor_ws/install/witmotion_ros' in the environment variable AMENT_PREFIX_PATH doesn't exist
[0.188s] WARNING:colcon.colcon_ros.prefix_path.ament:The path '/home/wynz/sensor_ws/install/stella_ahrs' in the environment variable AMENT_PREFIX_PATH doesn't exist
[0.189s] WARNING:colcon.colcon_ros.prefix_path.ament:The path '/home/wynz/sensor_ws/install/nmea_navsat_driver' in the environment variable AMENT_PREFIX_PATH doesn't exist
[0.189s] WARNING:colcon.colcon_ros.prefix_path.catkin:The path '/home/wynz/sensor_ws/install/witmotion_ros' in the environment variable CMAKE_PREFIX_PATH doesn't exist
[0.189s] WARNING:colcon.colcon_ros.prefix_path.catkin:The path '/home/wynz/sensor_ws/install/stella_ahrs' in the environment variable CMAKE_PREFIX_PATH doesn't exist
[0.189s] DEBUG:colcon.colcon_installed_package_information.package_discovery:Found 2 installed packages in /home/wynz/sensor_ws/src/Sensor_drivers/ws_livox/install
[0.190s] DEBUG:colcon.colcon_installed_package_information.package_discovery:Found 239 installed packages in /opt/ros/humble
[0.190s] Level 1:colcon.colcon_core.package_discovery:discover_packages(prefix_path) using defaults
[0.208s] Level 5:colcon.colcon_core.verb:set package 'livox_ros_driver2' build argument 'cmake_args' from command line to 'None'
[0.208s] Level 5:colcon.colcon_core.verb:set package 'livox_ros_driver2' build argument 'cmake_target' from command line to 'None'
[0.209s] Level 5:colcon.colcon_core.verb:set package 'livox_ros_driver2' build argument 'cmake_target_skip_unavailable' from command line to 'False'
[0.209s] Level 5:colcon.colcon_core.verb:set package 'livox_ros_driver2' build argument 'cmake_clean_cache' from command line to 'False'
[0.209s] Level 5:colcon.colcon_core.verb:set package 'livox_ros_driver2' build argument 'cmake_clean_first' from command line to 'False'
[0.209s] Level 5:colcon.colcon_core.verb:set package 'livox_ros_driver2' build argument 'cmake_force_configure' from command line to 'False'
[0.209s] Level 5:colcon.colcon_core.verb:set package 'livox_ros_driver2' build argument 'ament_cmake_args' from command line to 'None'
[0.209s] Level 5:colcon.colcon_core.verb:set package 'livox_ros_driver2' build argument 'catkin_cmake_args' from command line to 'None'
[0.209s] Level 5:colcon.colcon_core.verb:set package 'livox_ros_driver2' build argument 'catkin_skip_building_tests' from command line to 'False'
[0.209s] DEBUG:colcon.colcon_core.verb:Building package 'livox_ros_driver2' with the following arguments: {'ament_cmake_args': None, 'build_base': '/home/wynz/sensor_ws/src/Sensor_drivers/ws_livox/build/livox_ros_driver2', 'catkin_cmake_args': None, 'catkin_skip_building_tests': False, 'cmake_args': None, 'cmake_clean_cache': False, 'cmake_clean_first': False, 'cmake_force_configure': False, 'cmake_target': None, 'cmake_target_skip_unavailable': False, 'install_base': '/home/wynz/sensor_ws/src/Sensor_drivers/ws_livox/install/livox_ros_driver2', 'merge_install': False, 'path': '/home/wynz/sensor_ws/src/Sensor_drivers/ws_livox/src/livox_ros_driver2', 'symlink_install': True, 'test_result_base': None}
[0.209s] Level 5:colcon.colcon_core.verb:set package 'livox_sdk2' build argument 'cmake_args' from command line to 'None'
[0.209s] Level 5:colcon.colcon_core.verb:set package 'livox_sdk2' build argument 'cmake_target' from command line to 'None'
[0.209s] Level 5:colcon.colcon_core.verb:set package 'livox_sdk2' build argument 'cmake_target_skip_unavailable' from command line to 'False'
[0.209s] Level 5:colcon.colcon_core.verb:set package 'livox_sdk2' build argument 'cmake_clean_cache' from command line to 'False'
[0.209s] Level 5:colcon.colcon_core.verb:set package 'livox_sdk2' build argument 'cmake_clean_first' from command line to 'False'
[0.209s] Level 5:colcon.colcon_core.verb:set package 'livox_sdk2' build argument 'cmake_force_configure' from command line to 'False'
[0.209s] Level 5:colcon.colcon_core.verb:set package 'livox_sdk2' build argument 'ament_cmake_args' from command line to 'None'
[0.209s] Level 5:colcon.colcon_core.verb:set package 'livox_sdk2' build argument 'catkin_cmake_args' from command line to 'None'
[0.209s] Level 5:colcon.colcon_core.verb:set package 'livox_sdk2' build argument 'catkin_skip_building_tests' from command line to 'False'
[0.209s] DEBUG:colcon.colcon_core.verb:Building package 'livox_sdk2' with the following arguments: {'ament_cmake_args': None, 'build_base': '/home/wynz/sensor_ws/src/Sensor_drivers/ws_livox/build/livox_sdk2', 'catkin_cmake_args': None, 'catkin_skip_building_tests': False, 'cmake_args': None, 'cmake_clean_cache': False, 'cmake_clean_first': False, 'cmake_force_configure': False, 'cmake_target': None, 'cmake_target_skip_unavailable': False, 'install_base': '/home/wynz/sensor_ws/src/Sensor_drivers/ws_livox/install/livox_sdk2', 'merge_install': False, 'path': '/home/wynz/sensor_ws/src/Sensor_drivers/ws_livox/src/Livox-SDK2', 'symlink_install': True, 'test_result_base': None}
[0.209s] INFO:colcon.colcon_core.executor:Executing jobs using 'parallel' executor
[0.210s] DEBUG:colcon.colcon_parallel_executor.executor.parallel:run_until_complete
[0.210s] INFO:colcon.colcon_ros.task.ament_cmake.build:Building ROS package in '/home/wynz/sensor_ws/src/Sensor_drivers/ws_livox/src/livox_ros_driver2' with build type 'ament_cmake'
[0.210s] INFO:colcon.colcon_cmake.task.cmake.build:Building CMake package in '/home/wynz/sensor_ws/src/Sensor_drivers/ws_livox/src/livox_ros_driver2'
[0.211s] INFO:colcon.colcon_core.plugin_system:Skipping extension 'colcon_core.shell.bat': Not used on non-Windows systems
[0.211s] INFO:colcon.colcon_core.shell:Skip shell extension 'powershell' for command environment: Not usable outside of PowerShell
[0.211s] DEBUG:colcon.colcon_core.shell:Skip shell extension 'dsv' for command environment
[0.213s] INFO:colcon.colcon_cmake.task.cmake.build:Building CMake package in '/home/wynz/sensor_ws/src/Sensor_drivers/ws_livox/src/Livox-SDK2'
[0.213s] INFO:colcon.colcon_core.shell:Skip shell extension 'powershell' for command environment: Not usable outside of PowerShell
[0.213s] DEBUG:colcon.colcon_core.shell:Skip shell extension 'dsv' for command environment
[0.219s] DEBUG:colcon.colcon_core.event_handler.log_command:Invoking command in '/home/wynz/sensor_ws/src/Sensor_drivers/ws_livox/build/livox_ros_driver2': CMAKE_PREFIX_PATH=${CMAKE_PREFIX_PATH}:/home/wynz/sensor_ws/install/nmea_navsat_driver:/opt/ros/humble /usr/bin/cmake /home/wynz/sensor_ws/src/Sensor_drivers/ws_livox/src/livox_ros_driver2 -DAMENT_CMAKE_SYMLINK_INSTALL=1 -DCMAKE_INSTALL_PREFIX=/home/wynz/sensor_ws/src/Sensor_drivers/ws_livox/install/livox_ros_driver2
[0.221s] DEBUG:colcon.colcon_core.event_handler.log_command:Invoking command in '/home/wynz/sensor_ws/src/Sensor_drivers/ws_livox/build/livox_sdk2': /usr/bin/cmake /home/wynz/sensor_ws/src/Sensor_drivers/ws_livox/src/Livox-SDK2 -DCMAKE_INSTALL_PREFIX=/home/wynz/sensor_ws/src/Sensor_drivers/ws_livox/install/livox_sdk2
[0.249s] DEBUG:colcon.colcon_core.event_handler.log_command:Invoked command in '/home/wynz/sensor_ws/src/Sensor_drivers/ws_livox/build/livox_sdk2' returned '0': /usr/bin/cmake /home/wynz/sensor_ws/src/Sensor_drivers/ws_livox/src/Livox-SDK2 -DCMAKE_INSTALL_PREFIX=/home/wynz/sensor_ws/src/Sensor_drivers/ws_livox/install/livox_sdk2
[0.251s] DEBUG:colcon.colcon_core.event_handler.log_command:Invoking command in '/home/wynz/sensor_ws/src/Sensor_drivers/ws_livox/build/livox_sdk2': /usr/bin/cmake --build /home/wynz/sensor_ws/src/Sensor_drivers/ws_livox/build/livox_sdk2 -- -j8 -l8
[0.335s] DEBUG:colcon.colcon_core.event_handler.log_command:Invoked command in '/home/wynz/sensor_ws/src/Sensor_drivers/ws_livox/build/livox_sdk2' returned '0': /usr/bin/cmake --build /home/wynz/sensor_ws/src/Sensor_drivers/ws_livox/build/livox_sdk2 -- -j8 -l8
[0.342s] DEBUG:colcon.colcon_core.event_handler.log_command:Invoking command in '/home/wynz/sensor_ws/src/Sensor_drivers/ws_livox/build/livox_sdk2': /usr/bin/cmake --install /home/wynz/sensor_ws/src/Sensor_drivers/ws_livox/build/livox_sdk2
[0.348s] Level 1:colcon.colcon_core.environment:create_environment_scripts_only(livox_sdk2)
[0.349s] DEBUG:colcon.colcon_core.event_handler.log_command:Invoked command in '/home/wynz/sensor_ws/src/Sensor_drivers/ws_livox/build/livox_sdk2' returned '0': /usr/bin/cmake --install /home/wynz/sensor_ws/src/Sensor_drivers/ws_livox/build/livox_sdk2
[0.350s] Level 1:colcon.colcon_core.environment:checking '/home/wynz/sensor_ws/src/Sensor_drivers/ws_livox/install/livox_sdk2' for CMake module files
[0.350s] Level 1:colcon.colcon_core.environment:checking '/home/wynz/sensor_ws/src/Sensor_drivers/ws_livox/install/livox_sdk2' for CMake config files
[0.351s] Level 1:colcon.colcon_core.environment:checking '/home/wynz/sensor_ws/src/Sensor_drivers/ws_livox/install/livox_sdk2/lib'
[0.351s] Level 1:colcon.colcon_core.shell:create_environment_hook('livox_sdk2', 'ld_library_path_lib')
[0.351s] INFO:colcon.colcon_core.shell:Creating environment hook '/home/wynz/sensor_ws/src/Sensor_drivers/ws_livox/install/livox_sdk2/share/livox_sdk2/hook/ld_library_path_lib.ps1'
[0.351s] INFO:colcon.colcon_core.shell:Creating environment descriptor '/home/wynz/sensor_ws/src/Sensor_drivers/ws_livox/install/livox_sdk2/share/livox_sdk2/hook/ld_library_path_lib.dsv'
[0.352s] INFO:colcon.colcon_core.shell:Creating environment hook '/home/wynz/sensor_ws/src/Sensor_drivers/ws_livox/install/livox_sdk2/share/livox_sdk2/hook/ld_library_path_lib.sh'
[0.352s] Level 1:colcon.colcon_core.environment:checking '/home/wynz/sensor_ws/src/Sensor_drivers/ws_livox/install/livox_sdk2/bin'
[0.352s] Level 1:colcon.colcon_core.environment:checking '/home/wynz/sensor_ws/src/Sensor_drivers/ws_livox/install/livox_sdk2/lib/pkgconfig/livox_sdk2.pc'
[0.352s] Level 1:colcon.colcon_core.environment:checking '/home/wynz/sensor_ws/src/Sensor_drivers/ws_livox/install/livox_sdk2/lib/python3.10/site-packages'
[0.352s] Level 1:colcon.colcon_core.environment:checking '/home/wynz/sensor_ws/src/Sensor_drivers/ws_livox/install/livox_sdk2/bin'
[0.352s] INFO:colcon.colcon_core.shell:Creating package script '/home/wynz/sensor_ws/src/Sensor_drivers/ws_livox/install/livox_sdk2/share/livox_sdk2/package.ps1'
[0.353s] INFO:colcon.colcon_core.shell:Creating package descriptor '/home/wynz/sensor_ws/src/Sensor_drivers/ws_livox/install/livox_sdk2/share/livox_sdk2/package.dsv'
[0.353s] INFO:colcon.colcon_core.shell:Creating package script '/home/wynz/sensor_ws/src/Sensor_drivers/ws_livox/install/livox_sdk2/share/livox_sdk2/package.sh'
[0.354s] INFO:colcon.colcon_core.shell:Creating package script '/home/wynz/sensor_ws/src/Sensor_drivers/ws_livox/install/livox_sdk2/share/livox_sdk2/package.bash'
[0.354s] INFO:colcon.colcon_core.shell:Creating package script '/home/wynz/sensor_ws/src/Sensor_drivers/ws_livox/install/livox_sdk2/share/livox_sdk2/package.zsh'
[0.355s] Level 1:colcon.colcon_core.environment:create_file_with_runtime_dependencies(/home/wynz/sensor_ws/src/Sensor_drivers/ws_livox/install/livox_sdk2/share/colcon-core/packages/livox_sdk2)
[1.779s] DEBUG:colcon.colcon_core.event_handler.log_command:Invoked command in '/home/wynz/sensor_ws/src/Sensor_drivers/ws_livox/build/livox_ros_driver2' returned '0': CMAKE_PREFIX_PATH=${CMAKE_PREFIX_PATH}:/home/wynz/sensor_ws/install/nmea_navsat_driver:/opt/ros/humble /usr/bin/cmake /home/wynz/sensor_ws/src/Sensor_drivers/ws_livox/src/livox_ros_driver2 -DAMENT_CMAKE_SYMLINK_INSTALL=1 -DCMAKE_INSTALL_PREFIX=/home/wynz/sensor_ws/src/Sensor_drivers/ws_livox/install/livox_ros_driver2
[1.779s] DEBUG:colcon.colcon_core.event_handler.log_command:Invoking command in '/home/wynz/sensor_ws/src/Sensor_drivers/ws_livox/build/livox_ros_driver2': CMAKE_PREFIX_PATH=${CMAKE_PREFIX_PATH}:/home/wynz/sensor_ws/install/nmea_navsat_driver:/opt/ros/humble /usr/bin/cmake --build /home/wynz/sensor_ws/src/Sensor_drivers/ws_livox/build/livox_ros_driver2 -- -j8 -l8
[1.899s] DEBUG:colcon.colcon_core.event_handler.log_command:Invoked command in '/home/wynz/sensor_ws/src/Sensor_drivers/ws_livox/build/livox_ros_driver2' returned '2': CMAKE_PREFIX_PATH=${CMAKE_PREFIX_PATH}:/home/wynz/sensor_ws/install/nmea_navsat_driver:/opt/ros/humble /usr/bin/cmake --build /home/wynz/sensor_ws/src/Sensor_drivers/ws_livox/build/livox_ros_driver2 -- -j8 -l8
[1.900s] Level 1:colcon.colcon_core.environment:create_environment_scripts_only(livox_ros_driver2)
[1.900s] Level 1:colcon.colcon_core.environment:checking '/home/wynz/sensor_ws/src/Sensor_drivers/ws_livox/install/livox_ros_driver2' for CMake module files
[1.900s] Level 1:colcon.colcon_core.environment:checking '/home/wynz/sensor_ws/src/Sensor_drivers/ws_livox/install/livox_ros_driver2' for CMake config files
[1.901s] Level 1:colcon.colcon_core.shell:create_environment_hook('livox_ros_driver2', 'cmake_prefix_path')
[1.901s] INFO:colcon.colcon_core.shell:Creating environment hook '/home/wynz/sensor_ws/src/Sensor_drivers/ws_livox/install/livox_ros_driver2/share/livox_ros_driver2/hook/cmake_prefix_path.ps1'
[1.901s] INFO:colcon.colcon_core.shell:Creating environment descriptor '/home/wynz/sensor_ws/src/Sensor_drivers/ws_livox/install/livox_ros_driver2/share/livox_ros_driver2/hook/cmake_prefix_path.dsv'
[1.901s] INFO:colcon.colcon_core.shell:Creating environment hook '/home/wynz/sensor_ws/src/Sensor_drivers/ws_livox/install/livox_ros_driver2/share/livox_ros_driver2/hook/cmake_prefix_path.sh'
[1.902s] Level 1:colcon.colcon_core.environment:checking '/home/wynz/sensor_ws/src/Sensor_drivers/ws_livox/install/livox_ros_driver2/lib'
[1.902s] Level 1:colcon.colcon_core.shell:create_environment_hook('livox_ros_driver2', 'ld_library_path_lib')
[1.902s] INFO:colcon.colcon_core.shell:Creating environment hook '/home/wynz/sensor_ws/src/Sensor_drivers/ws_livox/install/livox_ros_driver2/share/livox_ros_driver2/hook/ld_library_path_lib.ps1'
[1.902s] INFO:colcon.colcon_core.shell:Creating environment descriptor '/home/wynz/sensor_ws/src/Sensor_drivers/ws_livox/install/livox_ros_driver2/share/livox_ros_driver2/hook/ld_library_path_lib.dsv'
[1.902s] INFO:colcon.colcon_core.shell:Creating environment hook '/home/wynz/sensor_ws/src/Sensor_drivers/ws_livox/install/livox_ros_driver2/share/livox_ros_driver2/hook/ld_library_path_lib.sh'
[1.902s] Level 1:colcon.colcon_core.environment:checking '/home/wynz/sensor_ws/src/Sensor_drivers/ws_livox/install/livox_ros_driver2/bin'
[1.903s] Level 1:colcon.colcon_core.environment:checking '/home/wynz/sensor_ws/src/Sensor_drivers/ws_livox/install/livox_ros_driver2/lib/pkgconfig/livox_ros_driver2.pc'
[1.903s] Level 1:colcon.colcon_core.environment:checking '/home/wynz/sensor_ws/src/Sensor_drivers/ws_livox/install/livox_ros_driver2/lib/python3.10/site-packages'
[1.903s] Level 1:colcon.colcon_core.environment:checking '/home/wynz/sensor_ws/src/Sensor_drivers/ws_livox/install/livox_ros_driver2/bin'
[1.903s] INFO:colcon.colcon_core.shell:Creating package script '/home/wynz/sensor_ws/src/Sensor_drivers/ws_livox/install/livox_ros_driver2/share/livox_ros_driver2/package.ps1'
[1.903s] INFO:colcon.colcon_core.shell:Creating package descriptor '/home/wynz/sensor_ws/src/Sensor_drivers/ws_livox/install/livox_ros_driver2/share/livox_ros_driver2/package.dsv'
[1.904s] INFO:colcon.colcon_core.shell:Creating package script '/home/wynz/sensor_ws/src/Sensor_drivers/ws_livox/install/livox_ros_driver2/share/livox_ros_driver2/package.sh'
[1.904s] INFO:colcon.colcon_core.shell:Creating package script '/home/wynz/sensor_ws/src/Sensor_drivers/ws_livox/install/livox_ros_driver2/share/livox_ros_driver2/package.bash'
[1.904s] INFO:colcon.colcon_core.shell:Creating package script '/home/wynz/sensor_ws/src/Sensor_drivers/ws_livox/install/livox_ros_driver2/share/livox_ros_driver2/package.zsh'
[1.904s] Level 1:colcon.colcon_core.environment:create_file_with_runtime_dependencies(/home/wynz/sensor_ws/src/Sensor_drivers/ws_livox/install/livox_ros_driver2/share/colcon-core/packages/livox_ros_driver2)
[1.915s] DEBUG:colcon.colcon_parallel_executor.executor.parallel:closing loop
[1.915s] DEBUG:colcon.colcon_parallel_executor.executor.parallel:loop closed
[1.915s] DEBUG:colcon.colcon_parallel_executor.executor.parallel:run_until_complete finished with '2'
[1.915s] DEBUG:colcon.colcon_core.event_reactor:joining thread
[1.921s] INFO:colcon.colcon_core.plugin_system:Skipping extension 'colcon_notification.desktop_notification.terminal_notifier': Not used on non-Darwin systems
[1.921s] INFO:colcon.colcon_core.plugin_system:Skipping extension 'colcon_notification.desktop_notification.win32': Not used on non-Windows systems
[1.921s] INFO:colcon.colcon_notification.desktop_notification:Sending desktop notification using 'notify2'
[1.929s] DEBUG:colcon.colcon_core.event_reactor:joined thread
[1.929s] INFO:colcon.colcon_core.shell:Creating prefix script '/home/wynz/sensor_ws/src/Sensor_drivers/ws_livox/install/local_setup.ps1'
[1.930s] INFO:colcon.colcon_core.shell:Creating prefix util module '/home/wynz/sensor_ws/src/Sensor_drivers/ws_livox/install/_local_setup_util_ps1.py'
[1.931s] INFO:colcon.colcon_core.shell:Creating prefix chain script '/home/wynz/sensor_ws/src/Sensor_drivers/ws_livox/install/setup.ps1'
[1.931s] INFO:colcon.colcon_core.shell:Creating prefix script '/home/wynz/sensor_ws/src/Sensor_drivers/ws_livox/install/local_setup.sh'
[1.932s] INFO:colcon.colcon_core.shell:Creating prefix util module '/home/wynz/sensor_ws/src/Sensor_drivers/ws_livox/install/_local_setup_util_sh.py'
[1.932s] INFO:colcon.colcon_core.shell:Creating prefix chain script '/home/wynz/sensor_ws/src/Sensor_drivers/ws_livox/install/setup.sh'
[1.932s] INFO:colcon.colcon_core.shell:Creating prefix script '/home/wynz/sensor_ws/src/Sensor_drivers/ws_livox/install/local_setup.bash'
[1.933s] INFO:colcon.colcon_core.shell:Creating prefix chain script '/home/wynz/sensor_ws/src/Sensor_drivers/ws_livox/install/setup.bash'
[1.933s] INFO:colcon.colcon_core.shell:Creating prefix script '/home/wynz/sensor_ws/src/Sensor_drivers/ws_livox/install/local_setup.zsh'
[1.934s] INFO:colcon.colcon_core.shell:Creating prefix chain script '/home/wynz/sensor_ws/src/Sensor_drivers/ws_livox/install/setup.zsh'
