[0.007s] Invoking command in '/home/wynz/sensor_ws/src/Sensor_drivers/ws_livox/build/livox_sdk2': /usr/bin/cmake /home/wynz/sensor_ws/src/Sensor_drivers/ws_livox/src/Livox-SDK2 -DCMAKE_INSTALL_PREFIX=/home/wynz/sensor_ws/src/Sensor_drivers/ws_livox/install/livox_sdk2
[0.015s] -- main project dir: /home/wynz/sensor_ws/src/Sensor_drivers/ws_livox/src/Livox-SDK2
[0.016s] -- main project dir: /home/wynz/sensor_ws/src/Sensor_drivers/ws_livox/src/Livox-SDK2/samples
[0.017s] -- Configuring done
[0.031s] -- Generating done
[0.035s] -- Build files have been written to: /home/wynz/sensor_ws/src/Sensor_drivers/ws_livox/build/livox_sdk2
[0.036s] Invoked command in '/home/wynz/sensor_ws/src/Sensor_drivers/ws_livox/build/livox_sdk2' returned '0': /usr/bin/cmake /home/wynz/sensor_ws/src/Sensor_drivers/ws_livox/src/Livox-SDK2 -DCMAKE_INSTALL_PREFIX=/home/wynz/sensor_ws/src/Sensor_drivers/ws_livox/install/livox_sdk2
[0.037s] Invoking command in '/home/wynz/sensor_ws/src/Sensor_drivers/ws_livox/build/livox_sdk2': /usr/bin/cmake --build /home/wynz/sensor_ws/src/Sensor_drivers/ws_livox/build/livox_sdk2 -- -j8 -l8
[0.068s] [35m[1mConsolidate compiler generated dependencies of target livox_lidar_sdk_static[0m
[0.068s] [35m[1mConsolidate compiler generated dependencies of target livox_lidar_sdk_shared[0m
[0.092s] [ 48%] Built target livox_lidar_sdk_static
[0.092s] [ 84%] Built target livox_lidar_sdk_shared
[0.102s] [35m[1mConsolidate compiler generated dependencies of target multi_lidars_upgrade[0m
[0.102s] [35m[1mConsolidate compiler generated dependencies of target livox_lidar_quick_start[0m
[0.102s] [35m[1mConsolidate compiler generated dependencies of target debug_point_cloud[0m
[0.102s] [35m[1mConsolidate compiler generated dependencies of target logger[0m
[0.102s] [35m[1mConsolidate compiler generated dependencies of target lidar_cmd_observer[0m
[0.102s] [35m[1mConsolidate compiler generated dependencies of target livox_lidar_rmc_time_sync[0m
[0.111s] [ 86%] Built target livox_lidar_quick_start
[0.112s] [ 91%] Built target livox_lidar_rmc_time_sync
[0.112s] [ 92%] Built target multi_lidars_upgrade
[0.113s] [ 95%] Built target debug_point_cloud
[0.113s] [ 97%] Built target lidar_cmd_observer
[0.113s] [100%] Built target logger
[0.121s] Invoked command in '/home/wynz/sensor_ws/src/Sensor_drivers/ws_livox/build/livox_sdk2' returned '0': /usr/bin/cmake --build /home/wynz/sensor_ws/src/Sensor_drivers/ws_livox/build/livox_sdk2 -- -j8 -l8
[0.128s] Invoking command in '/home/wynz/sensor_ws/src/Sensor_drivers/ws_livox/build/livox_sdk2': /usr/bin/cmake --install /home/wynz/sensor_ws/src/Sensor_drivers/ws_livox/build/livox_sdk2
[0.133s] -- Install configuration: ""
[0.133s] -- Up-to-date: /home/wynz/sensor_ws/src/Sensor_drivers/ws_livox/install/livox_sdk2/lib/liblivox_lidar_sdk_static.a
[0.133s] -- Up-to-date: /home/wynz/sensor_ws/src/Sensor_drivers/ws_livox/install/livox_sdk2/include/livox_lidar_def.h
[0.134s] -- Up-to-date: /home/wynz/sensor_ws/src/Sensor_drivers/ws_livox/install/livox_sdk2/include/livox_lidar_api.h
[0.134s] -- Up-to-date: /home/wynz/sensor_ws/src/Sensor_drivers/ws_livox/install/livox_sdk2/include/livox_lidar_cfg.h
[0.134s] -- Up-to-date: /home/wynz/sensor_ws/src/Sensor_drivers/ws_livox/install/livox_sdk2/lib/liblivox_lidar_sdk_shared.so
[0.135s] Invoked command in '/home/wynz/sensor_ws/src/Sensor_drivers/ws_livox/build/livox_sdk2' returned '0': /usr/bin/cmake --install /home/wynz/sensor_ws/src/Sensor_drivers/ws_livox/build/livox_sdk2
